This is pdfeTeX, Version 3.141592-1.21a-2.2 (Web2C 7.5.4) (format=pdflatex 2007.11.29)  10 DEC 2009 03:17
entering extended mode
**letter.tex
(./letter.tex
LaTeX2e <2003/12/01>
Babel <v3.8d> and hyphenation patterns for american, french, german, ngerman, b
ahasa, basque, bulgarian, catalan, croatian, czech, danish, dutch, esperanto, e
stonian, finnish, greek, icelandic, irish, italian, latin, magyar, norsk, polis
h, portuges, romanian, russian, serbian, slovak, slovene, spanish, swedish, tur
kish, ukrainian, nohyphenation, loaded.
(/usr/share/texmf/tex/latex/base/letter.cls
Document Class: letter 1999/04/29 v1.2z Standard LaTeX document class
(/usr/share/texmf/tex/latex/base/size10.clo
File: size10.clo 2004/02/16 v1.4f Standard LaTeX file (size option)
)
\longindentation=\dimen102
\indentedwidth=\dimen103
\labelcount=\count79
)
(/usr/share/texmf/tex/latex/graphics/graphicx.sty
Package: graphicx 1999/02/16 v1.0f Enhanced LaTeX Graphics (DPC,SPQR)

(/usr/share/texmf/tex/latex/graphics/keyval.sty
Package: keyval 1999/03/16 v1.13 key=value parser (DPC)
\KV@toks@=\toks14
)
(/usr/share/texmf/tex/latex/graphics/graphics.sty
Package: graphics 2001/07/07 v1.0n Standard LaTeX Graphics (DPC,SPQR)

(/usr/share/texmf/tex/latex/graphics/trig.sty
Package: trig 1999/03/16 v1.09 sin cos tan (DPC)
)
(/usr/share/texmf/tex/latex/graphics/graphics.cfg
File: graphics.cfg 2005/02/03 v1.3 graphics configuration of teTeX/TeXLive
)
Package graphics Info: Driver file: pdftex.def on input line 80.

(/usr/share/texmf/tex/latex/graphics/pdftex.def
File: pdftex.def 2002/06/19 v0.03k graphics/color for pdftex
\Gread@gobject=\count80
))
\Gin@req@height=\dimen104
\Gin@req@width=\dimen105
) (./letter.aux)
\openout1 = `letter.aux'.

LaTeX Font Info:    Checking defaults for OML/cmm/m/it on input line 22.
LaTeX Font Info:    ... okay on input line 22.
LaTeX Font Info:    Checking defaults for T1/cmr/m/n on input line 22.
LaTeX Font Info:    ... okay on input line 22.
LaTeX Font Info:    Checking defaults for OT1/cmr/m/n on input line 22.
LaTeX Font Info:    ... okay on input line 22.
LaTeX Font Info:    Checking defaults for OMS/cmsy/m/n on input line 22.
LaTeX Font Info:    ... okay on input line 22.
LaTeX Font Info:    Checking defaults for OMX/cmex/m/n on input line 22.
LaTeX Font Info:    ... okay on input line 22.
LaTeX Font Info:    Checking defaults for U/cmr/m/n on input line 22.
LaTeX Font Info:    ... okay on input line 22.

(/usr/share/texmf/tex/context/base/supp-pdf.tex
(/usr/share/texmf/tex/context/base/supp-mis.tex
loading : Context Support Macros / Miscellaneous (2004.10.26)
\protectiondepth=\count81
\scratchcounter=\count82
\scratchtoks=\toks15
\scratchdimen=\dimen106
\scratchskip=\skip41
\scratchmuskip=\muskip10
\scratchbox=\box26
\scratchread=\read1
\scratchwrite=\write3
\zeropoint=\dimen107
\onepoint=\dimen108
\onebasepoint=\dimen109
\minusone=\count83
\thousandpoint=\dimen110
\onerealpoint=\dimen111
\emptytoks=\toks16
\nextbox=\box27
\nextdepth=\dimen112
\everyline=\toks17
\!!counta=\count84
\!!countb=\count85
\recursecounter=\count86
)
loading : Context Support Macros / PDF (2004.03.26)
\nofMPsegments=\count87
\nofMParguments=\count88
\MPscratchCnt=\count89
\MPscratchDim=\dimen113
\MPnumerator=\count90
\everyMPtoPDFconversion=\toks18
) (./address.tex)
Underfull \hbox (badness 10000) in paragraph at lines 1--30

 []


Underfull \hbox (badness 10000) in paragraph at lines 1--30

 []

(./name.tex)
Missing character: There is no Â in font cmr10!
Missing character: There is no ® in font cmr10!
 (./link.tex) <sign.png, id=1, 444.66125pt x 430.60875pt>
File: sign.png Graphic file (type png)

<use sign.png>
LaTeX Font Info:    External font `cmex10' loaded for size
(Font)              <7> on input line 50.
LaTeX Font Info:    External font `cmex10' loaded for size
(Font)              <5> on input line 50.
 [1

{/usr/share/texmf-var/fonts/map/pdftex/updmap/pdftex.map} <./sign.png>] (./lett
er.aux) ) 
Here is how much of TeX's memory you used:
 818 strings out of 94500
 9779 string characters out of 1173668
 56586 words of memory out of 1000000
 4037 multiletter control sequences out of 10000+50000
 3640 words of font info for 14 fonts, out of 500000 for 2000
 580 hyphenation exceptions out of 1000
 25i,6n,22p,338b,189s stack positions out of 1500i,500n,5000p,200000b,5000s
PDF statistics:
 8 PDF objects out of 300000
 0 named destinations out of 131072
 6 words of extra memory for PDF output out of 65536
</usr/share/texmf/fonts/type1/bluesky/cm/cmr10.pfb>
Output written on letter.pdf (1 page, 21300 bytes).
